#
# There is insufficient memory for the Java Runtime Environment to continue.
# Native memory allocation (malloc) failed to allocate 787776 bytes for Chunk::new
# Possible reasons:
#   The system is out of physical RAM or swap space
#   The process is running with CompressedOops enabled, and the Java Heap may be blocking the growth of the native heap
# Possible solutions:
#   Reduce memory load on the system
#   Increase physical memory or swap space
#   Check if swap backing store is full
#   Decrease Java heap size (-Xmx/-Xms)
#   Decrease number of Java threads
#   Decrease Java thread stack sizes (-Xss)
#   Set larger code cache with -XX:ReservedCodeCacheSize=
#   JVM is running with Unscaled Compressed Oops mode in which the Java heap is
#     placed in the first 4GB address space. The Java Heap base address is the
#     maximum limit for the native heap growth. Please use -XX:HeapBaseMinAddress
#     to set the Java Heap base and to place the Java Heap above 4GB virtual address.
# This output file may be truncated or incomplete.
#
#  Out of Memory Error (./src/hotspot/share/memory/arena.cpp:197), pid=15960, tid=3756
#
# JRE version: OpenJDK Runtime Environment Microsoft-7208460 (11.0.18+10) (build 11.0.18+10-LTS)
# Java VM: OpenJDK 64-Bit Server VM Microsoft-7208460 (11.0.18+10-LTS, mixed mode, tiered, compressed oops, g1 gc, windows-amd64)
# No core dump will be written. Minidumps are not enabled by default on client versions of Windows
#

---------------  S U M M A R Y ------------

Command Line: -XX:MaxMetaspaceSize=512m --add-opens=java.base/java.util=ALL-UNNAMED --add-opens=java.base/java.lang=ALL-UNNAMED --add-opens=java.base/java.lang.invoke=ALL-UNNAMED --add-opens=java.prefs/java.util.prefs=ALL-UNNAMED --add-opens=java.base/java.nio.charset=ALL-UNNAMED --add-opens=java.base/java.net=ALL-UNNAMED --add-opens=java.base/java.util.concurrent.atomic=ALL-UNNAMED -Xmx2048m -Dfile.encoding=windows-1252 -Duser.country=US -Duser.language=en -Duser.variant org.gradle.launcher.daemon.bootstrap.GradleDaemon 8.0.1

Host: Intel(R) Core(TM) i5-3340M CPU @ 2.70GHz, 4 cores, 3G,  Windows 10 , 64 bit Build 19041 (10.0.19041.3393)
Time: Tue Sep 19 17:27:44 2023 Pakistan Standard Time elapsed time: 122.446330 seconds (0d 0h 2m 2s)

---------------  T H R E A D  ---------------

Current thread (0x000001a5ff20d800):  JavaThread "C2 CompilerThread0" daemon [_thread_in_native, id=3756, stack(0x000000647b100000,0x000000647b200000)]


Current CompileTask:
C2: 122446 8879       4       groovy.lang.MetaClassImpl$1MOPIter::methodNameAction (325 bytes)

Stack: [0x000000647b100000,0x000000647b200000]
Native frames: (J=compiled Java code, j=interpreted, Vv=VM code, C=native code)
V  [jvm.dll+0x62bf8a]
V  [jvm.dll+0x7b8fb9]
V  [jvm.dll+0x7ba6a8]
V  [jvm.dll+0x7bad83]
V  [jvm.dll+0x250248]
V  [jvm.dll+0xc260c]
V  [jvm.dll+0xc2bcc]
V  [jvm.dll+0x2c4e64]
V  [jvm.dll+0x533dcc]
V  [jvm.dll+0x208c26]
V  [jvm.dll+0x20ae5d]
V  [jvm.dll+0x2083eb]
V  [jvm.dll+0x18a4b1]
V  [jvm.dll+0x217eec]
V  [jvm.dll+0x21612b]
V  [jvm.dll+0x77bac0]
V  [jvm.dll+0x7749f4]
V  [jvm.dll+0x62adf5]
C  [ucrtbase.dll+0x21bb2]
C  [KERNEL32.DLL+0x17344]
C  [ntdll.dll+0x526b1]


---------------  P R O C E S S  ---------------

Threads class SMR info:
_java_thread_list=0x000001a583886d60, length=92, elements={
0x000001a5df87b000, 0x000001a5fe898800, 0x000001a5fe88f000, 0x000001a5fe8e8000,
0x000001a5ff201800, 0x000001a5ff202800, 0x000001a5ff20d800, 0x000001a5fe8ec800,
0x000001a5fe8ee000, 0x000001a5ff369000, 0x000001a5810fc800, 0x000001a581247000,
0x000001a5810ca800, 0x000001a58068d000, 0x000001a581359000, 0x000001a581174000,
0x000001a581641800, 0x000001a58164d000, 0x000001a581161800, 0x000001a58175e800,
0x000001a5818a7800, 0x000001a5818a8800, 0x000001a5818a5000, 0x000001a5818a9800,
0x000001a5818aa000, 0x000001a5818ab000, 0x000001a5818a6000, 0x000001a5818ac000,
0x000001a5818a7000, 0x000001a5809fd800, 0x000001a5809fe800, 0x000001a5809ff800,
0x000001a580a00000, 0x000001a5809fb800, 0x000001a580a02000, 0x000001a5809fc000,
0x000001a580a07800, 0x000001a580a04800, 0x000001a580a05000, 0x000001a580a06000,
0x000001a580a08800, 0x000001a580a02800, 0x000001a580a03800, 0x000001a580a06800,
0x000001a580a09000, 0x000001a580a0a000, 0x000001a583ac4000, 0x000001a583ac0800,
0x000001a583ac4800, 0x000001a583ac2000, 0x000001a583ac5800, 0x000001a583ac7000,
0x000001a583ac6000, 0x000001a583ac1800, 0x000001a583ac8000, 0x000001a583ac3000,
0x000001a583ac8800, 0x000001a583acd800, 0x000001a583acb000, 0x000001a583ac9800,
0x000001a583acf000, 0x000001a583acc000, 0x000001a583acc800, 0x000001a583aca800,
0x000001a583ace800, 0x000001a5808ae800, 0x000001a5808b0000, 0x000001a5808ac000,
0x000001a5808ac800, 0x000001a5808ad800, 0x000001a5808aa800, 0x000001a5808b5800,
0x000001a5808b6800, 0x000001a5808b1000, 0x000001a5808b4000, 0x000001a5808b5000,
0x000001a5808b7800, 0x000001a5808b1800, 0x000001a5808b8000, 0x000001a5808b2800,
0x000001a5808b9000, 0x000001a5808b3800, 0x000001a585ab6800, 0x000001a585ab5800,
0x000001a585ab7800, 0x000001a585ab9000, 0x000001a585ab8000, 0x000001a585ab3800,
0x000001a585ab4000, 0x000001a585aba800, 0x000001a585ab5000, 0x000001a585abc800
}

Java Threads: ( => current thread )
  0x000001a5df87b000 JavaThread "main" [_thread_blocked, id=2876, stack(0x000000647a500000,0x000000647a600000)]
  0x000001a5fe898800 JavaThread "Reference Handler" daemon [_thread_blocked, id=15804, stack(0x000000647ac00000,0x000000647ad00000)]
  0x000001a5fe88f000 JavaThread "Finalizer" daemon [_thread_blocked, id=15832, stack(0x000000647ad00000,0x000000647ae00000)]
  0x000001a5fe8e8000 JavaThread "Signal Dispatcher" daemon [_thread_blocked, id=15928, stack(0x000000647ae00000,0x000000647af00000)]
  0x000001a5ff201800 JavaThread "Attach Listener" daemon [_thread_blocked, id=15848, stack(0x000000647af00000,0x000000647b000000)]
  0x000001a5ff202800 JavaThread "Service Thread" daemon [_thread_blocked, id=15724, stack(0x000000647b000000,0x000000647b100000)]
=>0x000001a5ff20d800 JavaThread "C2 CompilerThread0" daemon [_thread_in_native, id=3756, stack(0x000000647b100000,0x000000647b200000)]
  0x000001a5fe8ec800 JavaThread "C1 CompilerThread0" daemon [_thread_blocked, id=7188, stack(0x000000647b200000,0x000000647b300000)]
  0x000001a5fe8ee000 JavaThread "Sweeper thread" daemon [_thread_blocked, id=12672, stack(0x000000647b300000,0x000000647b400000)]
  0x000001a5ff369000 JavaThread "Common-Cleaner" daemon [_thread_blocked, id=10328, stack(0x000000647b400000,0x000000647b500000)]
  0x000001a5810fc800 JavaThread "Daemon health stats" [_thread_blocked, id=8552, stack(0x000000647b700000,0x000000647b800000)]
  0x000001a581247000 JavaThread "Incoming local TCP Connector on port 61744" [_thread_in_native, id=11156, stack(0x000000647b800000,0x000000647b900000)]
  0x000001a5810ca800 JavaThread "Daemon periodic checks" [_thread_blocked, id=9056, stack(0x000000647b900000,0x000000647ba00000)]
  0x000001a58068d000 JavaThread "Daemon" [_thread_blocked, id=15404, stack(0x000000647ba00000,0x000000647bb00000)]
  0x000001a581359000 JavaThread "Handler for socket connection from /127.0.0.1:61744 to /127.0.0.1:61745" [_thread_in_native, id=11024, stack(0x000000647bb00000,0x000000647bc00000)]
  0x000001a581174000 JavaThread "Cancel handler" [_thread_blocked, id=8032, stack(0x000000647bc00000,0x000000647bd00000)]
  0x000001a581641800 JavaThread "Daemon worker" [_thread_in_native, id=10944, stack(0x000000647bd00000,0x000000647be00000)]
  0x000001a58164d000 JavaThread "Asynchronous log dispatcher for DefaultDaemonConnection: socket connection from /127.0.0.1:61744 to /127.0.0.1:61745" [_thread_blocked, id=3216, stack(0x000000647be00000,0x000000647bf00000)]
  0x000001a581161800 JavaThread "Stdin handler" [_thread_blocked, id=15376, stack(0x000000647bf00000,0x000000647c000000)]
  0x000001a58175e800 JavaThread "Daemon client event forwarder" [_thread_blocked, id=15416, stack(0x000000647c000000,0x000000647c100000)]
  0x000001a5818a7800 JavaThread "Cache worker for journal cache (C:\Users\DELL\.gradle\caches\journal-1)" [_thread_blocked, id=4876, stack(0x000000647c300000,0x000000647c400000)]
  0x000001a5818a8800 JavaThread "File lock request listener" [_thread_in_native, id=16068, stack(0x000000647c400000,0x000000647c500000)]
  0x000001a5818a5000 JavaThread "Cache worker for file hash cache (C:\Users\DELL\.gradle\caches\8.0.1\fileHashes)" [_thread_blocked, id=16072, stack(0x000000647c500000,0x000000647c600000)]
  0x000001a5818a9800 JavaThread "File watcher server" daemon [_thread_in_native, id=16080, stack(0x000000647c600000,0x000000647c700000)]
  0x000001a5818aa000 JavaThread "File watcher consumer" daemon [_thread_blocked, id=16084, stack(0x000000647c700000,0x000000647c800000)]
  0x000001a5818ab000 JavaThread "Cache worker for checksums cache (D:\programming Folder\ReactNative\notesapp\test\testapp\android\.gradle\8.0.1\checksums)" [_thread_blocked, id=9344, stack(0x000000647c800000,0x000000647c900000)]
  0x000001a5818a6000 JavaThread "Cache worker for cache directory md-rule (C:\Users\DELL\.gradle\caches\8.0.1\md-rule)" [_thread_blocked, id=7936, stack(0x000000647c900000,0x000000647ca00000)]
  0x000001a5818ac000 JavaThread "Cache worker for file content cache (C:\Users\DELL\.gradle\caches\8.0.1\fileContent)" [_thread_blocked, id=11152, stack(0x000000647ca00000,0x000000647cb00000)]
  0x000001a5818a7000 JavaThread "Cache worker for file hash cache (D:\programming Folder\ReactNative\notesapp\test\testapp\android\.gradle\8.0.1\fileHashes)" [_thread_blocked, id=14400, stack(0x000000647cb00000,0x000000647cc00000)]
  0x000001a5809fd800 JavaThread "Cache worker for cache directory md-supplier (C:\Users\DELL\.gradle\caches\8.0.1\md-supplier)" [_thread_blocked, id=1144, stack(0x000000647cc00000,0x000000647cd00000)]
  0x000001a5809fe800 JavaThread "Cache worker for execution history cache (C:\Users\DELL\.gradle\caches\8.0.1\executionHistory)" [_thread_blocked, id=10696, stack(0x000000647cd00000,0x000000647ce00000)]
  0x000001a5809ff800 JavaThread "jar transforms" [_thread_blocked, id=13608, stack(0x000000647ce00000,0x000000647cf00000)]
  0x000001a580a00000 JavaThread "jar transforms Thread 2" [_thread_blocked, id=12816, stack(0x000000647cf00000,0x000000647d000000)]
  0x000001a5809fb800 JavaThread "jar transforms Thread 3" [_thread_blocked, id=14848, stack(0x000000647d000000,0x000000647d100000)]
  0x000001a580a02000 JavaThread "jar transforms Thread 4" [_thread_blocked, id=11740, stack(0x000000647d100000,0x000000647d200000)]
  0x000001a5809fc000 JavaThread "File lock release action executor" [_thread_blocked, id=8960, stack(0x000000647d200000,0x000000647d300000)]
  0x000001a580a07800 JavaThread "Cache worker for kotlin-dsl (C:\Users\DELL\.gradle\caches\8.0.1\kotlin-dsl)" [_thread_blocked, id=8532, stack(0x000000647a200000,0x000000647a300000)]
  0x000001a580a04800 JavaThread "Cache worker for dependencies-accessors (D:\programming Folder\ReactNative\notesapp\test\testapp\android\.gradle\8.0.1\dependencies-accessors)" [_thread_blocked, id=8888, stack(0x000000647a300000,0x000000647a400000)]
  0x000001a580a05000 JavaThread "Cache worker for Build Output Cleanup Cache (D:\programming Folder\ReactNative\notesapp\test\testapp\node_modules\@react-native\gradle-plugin\.gradle\buildOutputCleanup)" [_thread_blocked, id=15012, stack(0x000000647a400000,0x000000647a500000)]
  0x000001a580a06000 JavaThread "Unconstrained build operations" [_thread_blocked, id=15168, stack(0x000000647d500000,0x000000647d600000)]
  0x000001a580a08800 JavaThread "Unconstrained build operations Thread 2" [_thread_blocked, id=10912, stack(0x000000647d600000,0x000000647d700000)]
  0x000001a580a02800 JavaThread "Unconstrained build operations Thread 3" [_thread_blocked, id=12828, stack(0x000000647d700000,0x000000647d800000)]
  0x000001a580a03800 JavaThread "Unconstrained build operations Thread 4" [_thread_blocked, id=15484, stack(0x000000647d800000,0x000000647d900000)]
  0x000001a580a06800 JavaThread "Unconstrained build operations Thread 5" [_thread_blocked, id=7332, stack(0x000000647d900000,0x000000647da00000)]
  0x000001a580a09000 JavaThread "Unconstrained build operations Thread 6" [_thread_blocked, id=4160, stack(0x000000647da00000,0x000000647db00000)]
  0x000001a580a0a000 JavaThread "Unconstrained build operations Thread 7" [_thread_blocked, id=11876, stack(0x000000647db00000,0x000000647dc00000)]
  0x000001a583ac4000 JavaThread "Unconstrained build operations Thread 8" [_thread_blocked, id=12504, stack(0x000000647dc00000,0x000000647dd00000)]
  0x000001a583ac0800 JavaThread "Unconstrained build operations Thread 9" [_thread_blocked, id=4956, stack(0x000000647dd00000,0x000000647de00000)]
  0x000001a583ac4800 JavaThread "Unconstrained build operations Thread 10" [_thread_blocked, id=15736, stack(0x000000647de00000,0x000000647df00000)]
  0x000001a583ac2000 JavaThread "Unconstrained build operations Thread 11" [_thread_blocked, id=15688, stack(0x000000647df00000,0x000000647e000000)]
  0x000001a583ac5800 JavaThread "Unconstrained build operations Thread 12" [_thread_blocked, id=7428, stack(0x000000647e000000,0x000000647e100000)]
  0x000001a583ac7000 JavaThread "Unconstrained build operations Thread 13" [_thread_blocked, id=15644, stack(0x000000647e100000,0x000000647e200000)]
  0x000001a583ac6000 JavaThread "Unconstrained build operations Thread 14" [_thread_blocked, id=13704, stack(0x000000647e200000,0x000000647e300000)]
  0x000001a583ac1800 JavaThread "Unconstrained build operations Thread 15" [_thread_blocked, id=14680, stack(0x000000647e300000,0x000000647e400000)]
  0x000001a583ac8000 JavaThread "Unconstrained build operations Thread 16" [_thread_blocked, id=12708, stack(0x000000647e400000,0x000000647e500000)]
  0x000001a583ac3000 JavaThread "Unconstrained build operations Thread 17" [_thread_blocked, id=592, stack(0x000000647e500000,0x000000647e600000)]
  0x000001a583ac8800 JavaThread "Unconstrained build operations Thread 18" [_thread_blocked, id=7404, stack(0x000000647e600000,0x000000647e700000)]
  0x000001a583acd800 JavaThread "Unconstrained build operations Thread 19" [_thread_blocked, id=1660, stack(0x000000647e700000,0x000000647e800000)]
  0x000001a583acb000 JavaThread "Unconstrained build operations Thread 20" [_thread_blocked, id=15868, stack(0x000000647e800000,0x000000647e900000)]
  0x000001a583ac9800 JavaThread "Unconstrained build operations Thread 21" [_thread_blocked, id=10016, stack(0x000000647e900000,0x000000647ea00000)]
  0x000001a583acf000 JavaThread "Unconstrained build operations Thread 22" [_thread_blocked, id=12756, stack(0x000000647ea00000,0x000000647eb00000)]
  0x000001a583acc000 JavaThread "Unconstrained build operations Thread 23" [_thread_blocked, id=11488, stack(0x000000647eb00000,0x000000647ec00000)]
  0x000001a583acc800 JavaThread "Unconstrained build operations Thread 24" [_thread_blocked, id=16296, stack(0x000000647ec00000,0x000000647ed00000)]
  0x000001a583aca800 JavaThread "Unconstrained build operations Thread 25" [_thread_blocked, id=14972, stack(0x000000647ed00000,0x000000647ee00000)]
  0x000001a583ace800 JavaThread "Unconstrained build operations Thread 26" [_thread_blocked, id=15444, stack(0x000000647ee00000,0x000000647ef00000)]
  0x000001a5808ae800 JavaThread "Memory manager" [_thread_blocked, id=16336, stack(0x000000647ef00000,0x000000647f000000)]
  0x000001a5808b0000 JavaThread "Cache worker for Build Output Cleanup Cache (D:\programming Folder\ReactNative\notesapp\test\testapp\android\.gradle\buildOutputCleanup)" [_thread_blocked, id=12128, stack(0x000000647f000000,0x000000647f100000)]
  0x000001a5808ac000 JavaThread "included builds" [_thread_blocked, id=15700, stack(0x000000647f100000,0x000000647f200000)]
  0x000001a5808ac800 JavaThread "Execution worker" [_thread_blocked, id=8420, stack(0x000000647f200000,0x000000647f300000)]
  0x000001a5808ad800 JavaThread "Execution worker Thread 2" [_thread_blocked, id=15008, stack(0x000000647f300000,0x000000647f400000)]
  0x000001a5808aa800 JavaThread "Execution worker Thread 3" [_thread_blocked, id=4540, stack(0x000000647f400000,0x000000647f500000)]
  0x000001a5808b5800 JavaThread "Cache worker for execution history cache (D:\programming Folder\ReactNative\notesapp\test\testapp\node_modules\@react-native\gradle-plugin\.gradle\8.0.1\executionHistory)" [_thread_blocked, id=7456, stack(0x000000647f500000,0x000000647f600000)]
  0x000001a5808b6800 JavaThread "Unconstrained build operations Thread 27" [_thread_blocked, id=4276, stack(0x000000647f600000,0x000000647f700000)]
  0x000001a5808b1000 JavaThread "Unconstrained build operations Thread 28" [_thread_blocked, id=7532, stack(0x000000647f700000,0x000000647f800000)]
  0x000001a5808b4000 JavaThread "Unconstrained build operations Thread 29" [_thread_blocked, id=4972, stack(0x000000647f800000,0x000000647f900000)]
  0x000001a5808b5000 JavaThread "Unconstrained build operations Thread 30" [_thread_blocked, id=11484, stack(0x000000647f900000,0x000000647fa00000)]
  0x000001a5808b7800 JavaThread "Unconstrained build operations Thread 31" [_thread_blocked, id=11880, stack(0x000000647fa00000,0x000000647fb00000)]
  0x000001a5808b1800 JavaThread "Unconstrained build operations Thread 32" [_thread_blocked, id=14436, stack(0x000000647fb00000,0x000000647fc00000)]
  0x000001a5808b8000 JavaThread "Unconstrained build operations Thread 33" [_thread_blocked, id=7364, stack(0x000000647fc00000,0x000000647fd00000)]
  0x000001a5808b2800 JavaThread "Unconstrained build operations Thread 34" [_thread_blocked, id=9372, stack(0x000000647fd00000,0x000000647fe00000)]
  0x000001a5808b9000 JavaThread "Unconstrained build operations Thread 35" [_thread_blocked, id=11992, stack(0x000000647fe00000,0x000000647ff00000)]
  0x000001a5808b3800 JavaThread "Unconstrained build operations Thread 36" [_thread_blocked, id=14672, stack(0x000000647ff00000,0x0000006480000000)]
  0x000001a585ab6800 JavaThread "Unconstrained build operations Thread 37" [_thread_blocked, id=13300, stack(0x0000006400000000,0x0000006400100000)]
  0x000001a585ab5800 JavaThread "Unconstrained build operations Thread 38" [_thread_blocked, id=7572, stack(0x0000006400100000,0x0000006400200000)]
  0x000001a585ab7800 JavaThread "Unconstrained build operations Thread 39" [_thread_blocked, id=2152, stack(0x0000006400200000,0x0000006400300000)]
  0x000001a585ab9000 JavaThread "Unconstrained build operations Thread 40" [_thread_blocked, id=7824, stack(0x0000006400300000,0x0000006400400000)]
  0x000001a585ab8000 JavaThread "WorkerExecutor Queue" [_thread_blocked, id=988, stack(0x0000006400400000,0x0000006400500000)]
  0x000001a585ab3800 JavaThread "RMI Scheduler(0)" daemon [_thread_blocked, id=11976, stack(0x0000006400500000,0x0000006400600000)]
  0x000001a585ab4000 JavaThread "RMI GC Daemon" daemon [_thread_blocked, id=5180, stack(0x0000006400700000,0x0000006400800000)]
  0x000001a585aba800 JavaThread "RMI TCP Accept-0" daemon [_thread_in_native, id=14352, stack(0x0000006400800000,0x0000006400900000)]
  0x000001a585ab5000 JavaThread "RMI Reaper" [_thread_blocked, id=16328, stack(0x0000006400900000,0x0000006400a00000)]
  0x000001a585abc800 JavaThread "RMI TCP Connection(2)-127.0.0.1" daemon [_thread_in_native, id=8388, stack(0x0000006400a00000,0x0000006400b00000)]

Other Threads:
  0x000001a5fe882000 VMThread "VM Thread" [stack: 0x000000647ab00000,0x000000647ac00000] [id=6492]
  0x000001a5ff3b9800 WatcherThread [stack: 0x000000647b500000,0x000000647b600000] [id=8272]
  0x000001a5df894000 GCTaskThread "GC Thread#0" [stack: 0x000000647a600000,0x000000647a700000] [id=15800]
  0x000001a5ff5e9000 GCTaskThread "GC Thread#1" [stack: 0x000000647b600000,0x000000647b700000] [id=7136]
  0x000001a58163c000 GCTaskThread "GC Thread#2" [stack: 0x000000647c100000,0x000000647c200000] [id=15388]
  0x000001a581723000 GCTaskThread "GC Thread#3" [stack: 0x000000647c200000,0x000000647c300000] [id=13416]
  0x000001a5df8c8000 ConcurrentGCThread "G1 Main Marker" [stack: 0x000000647a700000,0x000000647a800000] [id=6412]
  0x000001a5df8c9000 ConcurrentGCThread "G1 Conc#0" [stack: 0x000000647a800000,0x000000647a900000] [id=15816]
  0x000001a5df951800 ConcurrentGCThread "G1 Refine#0" [stack: 0x000000647a900000,0x000000647aa00000] [id=15708]
  0x000001a5fe700800 ConcurrentGCThread "G1 Young RemSet Sampling" [stack: 0x000000647aa00000,0x000000647ab00000] [id=15704]

Threads with active compile tasks:
C2 CompilerThread0   122606 8879       4       groovy.lang.MetaClassImpl$1MOPIter::methodNameAction (325 bytes)

VM state:not at safepoint (normal execution)

VM Mutex/Monitor currently owned by a thread: None

Heap address: 0x0000000080000000, size: 2048 MB, Compressed Oops mode: 32-bit
Narrow klass base: 0x0000000000000000, Narrow klass shift: 3
Compressed class space size: 528482304 Address: 0x0000000100000000

Heap:
 garbage-first heap   total 92160K, used 66143K [0x0000000080000000, 0x0000000100000000)
  region size 1024K, 4 young (4096K), 2 survivors (2048K)
 Metaspace       used 76355K, capacity 78889K, committed 78928K, reserved 585728K
  class space    used 9950K, capacity 10993K, committed 11008K, reserved 516096K
Heap Regions: E=young(eden), S=young(survivor), O=old, HS=humongous(starts), HC=humongous(continues), CS=collection set, F=free, A=archive, TAMS=top-at-mark-start (previous, next)
|   0|0x0000000080000000, 0x0000000080100000, 0x0000000080100000|100%| O|  |TAMS 0x0000000080100000, 0x0000000080000000| Updating 
|   1|0x0000000080100000, 0x0000000080200000, 0x0000000080200000|100%| O|  |TAMS 0x0000000080200000, 0x0000000080100000| Updating 
|   2|0x0000000080200000, 0x0000000080300000, 0x0000000080300000|100%| O|  |TAMS 0x0000000080300000, 0x0000000080200000| Updating 
|   3|0x0000000080300000, 0x0000000080400000, 0x0000000080400000|100%|HS|  |TAMS 0x0000000080400000, 0x0000000080300000| Complete 
|   4|0x0000000080400000, 0x0000000080500000, 0x0000000080500000|100%|HC|  |TAMS 0x0000000080500000, 0x0000000080400000| Complete 
|   5|0x0000000080500000, 0x0000000080600000, 0x0000000080600000|100%|HC|  |TAMS 0x0000000080600000, 0x0000000080500000| Complete 
|   6|0x0000000080600000, 0x0000000080700000, 0x0000000080700000|100%|HC|  |TAMS 0x0000000080700000, 0x0000000080600000| Complete 
|   7|0x0000000080700000, 0x0000000080800000, 0x0000000080800000|100%| O|  |TAMS 0x0000000080800000, 0x0000000080700000| Updating 
|   8|0x0000000080800000, 0x0000000080900000, 0x0000000080900000|100%| O|  |TAMS 0x0000000080900000, 0x0000000080800000| Updating 
|   9|0x0000000080900000, 0x0000000080a00000, 0x0000000080a00000|100%| O|  |TAMS 0x0000000080a00000, 0x0000000080900000| Updating 
|  10|0x0000000080a00000, 0x0000000080b00000, 0x0000000080b00000|100%| O|  |TAMS 0x0000000080b00000, 0x0000000080a00000| Updating 
|  11|0x0000000080b00000, 0x0000000080c00000, 0x0000000080c00000|100%| O|  |TAMS 0x0000000080c00000, 0x0000000080b00000| Updating 
|  12|0x0000000080c00000, 0x0000000080d00000, 0x0000000080d00000|100%| O|  |TAMS 0x0000000080d00000, 0x0000000080c00000| Updating 
|  13|0x0000000080d00000, 0x0000000080e00000, 0x0000000080e00000|100%| O|  |TAMS 0x0000000080e00000, 0x0000000080d00000| Updating 
|  14|0x0000000080e00000, 0x0000000080f00000, 0x0000000080f00000|100%| O|  |TAMS 0x0000000080f00000, 0x0000000080e00000| Updating 
|  15|0x0000000080f00000, 0x0000000081000000, 0x0000000081000000|100%| O|  |TAMS 0x0000000081000000, 0x0000000080f00000| Updating 
|  16|0x0000000081000000, 0x0000000081100000, 0x0000000081100000|100%| O|  |TAMS 0x0000000081100000, 0x0000000081000000| Updating 
|  17|0x0000000081100000, 0x0000000081200000, 0x0000000081200000|100%| O|  |TAMS 0x0000000081200000, 0x0000000081100000| Updating 
|  18|0x0000000081200000, 0x0000000081300000, 0x0000000081300000|100%| O|  |TAMS 0x0000000081300000, 0x0000000081200000| Updating 
|  19|0x0000000081300000, 0x0000000081400000, 0x0000000081400000|100%| O|  |TAMS 0x0000000081400000, 0x0000000081300000| Updating 
|  20|0x0000000081400000, 0x0000000081500000, 0x0000000081500000|100%| O|  |TAMS 0x0000000081500000, 0x0000000081400000| Updating 
|  21|0x0000000081500000, 0x0000000081600000, 0x0000000081600000|100%| O|  |TAMS 0x0000000081600000, 0x0000000081500000| Updating 
|  22|0x0000000081600000, 0x0000000081700000, 0x0000000081700000|100%| O|  |TAMS 0x0000000081700000, 0x0000000081600000| Updating 
|  23|0x0000000081700000, 0x0000000081800000, 0x0000000081800000|100%| O|  |TAMS 0x0000000081800000, 0x0000000081700000| Updating 
|  24|0x0000000081800000, 0x0000000081900000, 0x0000000081900000|100%| O|  |TAMS 0x0000000081900000, 0x0000000081800000| Updating 
|  25|0x0000000081900000, 0x0000000081a00000, 0x0000000081a00000|100%| O|  |TAMS 0x0000000081a00000, 0x0000000081900000| Updating 
|  26|0x0000000081a00000, 0x0000000081b00000, 0x0000000081b00000|100%| O|  |TAMS 0x0000000081b00000, 0x0000000081a00000| Updating 
|  27|0x0000000081b00000, 0x0000000081c00000, 0x0000000081c00000|100%| O|  |TAMS 0x0000000081c00000, 0x0000000081b00000| Updating 
|  28|0x0000000081c00000, 0x0000000081d00000, 0x0000000081d00000|100%| O|  |TAMS 0x0000000081d00000, 0x0000000081c00000| Updating 
|  29|0x0000000081d00000, 0x0000000081e00000, 0x0000000081e00000|100%| O|  |TAMS 0x0000000081e00000, 0x0000000081d00000| Updating 
|  30|0x0000000081e00000, 0x0000000081f00000, 0x0000000081f00000|100%| O|  |TAMS 0x0000000081f00000, 0x0000000081e00000| Updating 
|  31|0x0000000081f00000, 0x0000000082000000, 0x0000000082000000|100%|HS|  |TAMS 0x0000000081f00000, 0x0000000081f00000| Complete 
|  32|0x0000000082000000, 0x0000000082100000, 0x0000000082100000|100%| O|  |TAMS 0x0000000082100000, 0x0000000082000000| Updating 
|  33|0x0000000082100000, 0x0000000082200000, 0x0000000082200000|100%|HS|  |TAMS 0x0000000082200000, 0x0000000082100000| Complete 
|  34|0x0000000082200000, 0x0000000082300000, 0x0000000082300000|100%|HC|  |TAMS 0x0000000082300000, 0x0000000082200000| Complete 
|  35|0x0000000082300000, 0x0000000082400000, 0x0000000082400000|100%|HS|  |TAMS 0x0000000082400000, 0x0000000082300000| Complete 
|  36|0x0000000082400000, 0x0000000082500000, 0x0000000082500000|100%|HC|  |TAMS 0x0000000082500000, 0x0000000082400000| Complete 
|  37|0x0000000082500000, 0x0000000082600000, 0x0000000082600000|100%|HC|  |TAMS 0x0000000082600000, 0x0000000082500000| Complete 
|  38|0x0000000082600000, 0x0000000082700000, 0x0000000082700000|100%|HC|  |TAMS 0x0000000082700000, 0x0000000082600000| Complete 
|  39|0x0000000082700000, 0x0000000082800000, 0x0000000082800000|100%| O|  |TAMS 0x0000000082800000, 0x0000000082700000| Updating 
|  40|0x0000000082800000, 0x0000000082900000, 0x0000000082900000|100%| O|  |TAMS 0x0000000082900000, 0x0000000082800000| Updating 
|  41|0x0000000082900000, 0x0000000082a00000, 0x0000000082a00000|100%| O|  |TAMS 0x0000000082a00000, 0x0000000082900000| Updating 
|  42|0x0000000082a00000, 0x0000000082b00000, 0x0000000082b00000|100%| O|  |TAMS 0x0000000082b00000, 0x0000000082a00000| Updating 
|  43|0x0000000082b00000, 0x0000000082c00000, 0x0000000082c00000|100%| O|  |TAMS 0x0000000082c00000, 0x0000000082b00000| Updating 
|  44|0x0000000082c00000, 0x0000000082d00000, 0x0000000082d00000|100%| O|  |TAMS 0x0000000082d00000, 0x0000000082c00000| Updating 
|  45|0x0000000082d00000, 0x0000000082e00000, 0x0000000082e00000|100%| O|  |TAMS 0x0000000082e00000, 0x0000000082d00000| Updating 
|  46|0x0000000082e00000, 0x0000000082f00000, 0x0000000082f00000|100%| O|  |TAMS 0x0000000082f00000, 0x0000000082e00000| Updating 
|  47|0x0000000082f00000, 0x0000000083000000, 0x0000000083000000|100%| O|  |TAMS 0x0000000083000000, 0x0000000082f00000| Updating 
|  48|0x0000000083000000, 0x0000000083100000, 0x0000000083100000|100%| O|  |TAMS 0x0000000083100000, 0x0000000083000000| Updating 
|  49|0x0000000083100000, 0x0000000083200000, 0x0000000083200000|100%| O|  |TAMS 0x0000000083200000, 0x0000000083100000| Updating 
|  50|0x0000000083200000, 0x0000000083200000, 0x0000000083300000|  0%| F|  |TAMS 0x0000000083200000, 0x0000000083200000| Untracked 
|  51|0x0000000083300000, 0x0000000083400000, 0x0000000083400000|100%| O|  |TAMS 0x0000000083400000, 0x0000000083300000| Updating 
|  52|0x0000000083400000, 0x0000000083500000, 0x0000000083500000|100%| O|  |TAMS 0x0000000083500000, 0x0000000083400000| Updating 
|  53|0x0000000083500000, 0x0000000083600000, 0x0000000083600000|100%| O|  |TAMS 0x0000000083600000, 0x0000000083500000| Updating 
|  54|0x0000000083600000, 0x0000000083700000, 0x0000000083700000|100%| O|  |TAMS 0x0000000083700000, 0x0000000083600000| Updating 
|  55|0x0000000083700000, 0x0000000083800000, 0x0000000083800000|100%| O|  |TAMS 0x0000000083800000, 0x0000000083700000| Updating 
|  56|0x0000000083800000, 0x0000000083900000, 0x0000000083900000|100%| O|  |TAMS 0x0000000083900000, 0x0000000083800000| Updating 
|  57|0x0000000083900000, 0x0000000083a00000, 0x0000000083a00000|100%| O|  |TAMS 0x0000000083a00000, 0x0000000083900000| Updating 
|  58|0x0000000083a00000, 0x0000000083b00000, 0x0000000083b00000|100%| O|  |TAMS 0x0000000083b00000, 0x0000000083a00000| Updating 
|  59|0x0000000083b00000, 0x0000000083c00000, 0x0000000083c00000|100%| O|  |TAMS 0x0000000083c00000, 0x0000000083b00000| Updating 
|  60|0x0000000083c00000, 0x0000000083d00000, 0x0000000083d00000|100%| O|  |TAMS 0x0000000083d00000, 0x0000000083c00000| Updating 
|  61|0x0000000083d00000, 0x0000000083e00000, 0x0000000083e00000|100%| O|  |TAMS 0x0000000083e00000, 0x0000000083d00000| Updating 
|  62|0x0000000083e00000, 0x0000000083f00000, 0x0000000083f00000|100%| O|  |TAMS 0x0000000083f00000, 0x0000000083e00000| Updating 
|  63|0x0000000083f00000, 0x0000000083fe6e00, 0x0000000084000000| 90%| O|  |TAMS 0x0000000083fe6e00, 0x0000000083f00000| Updating 
|  64|0x0000000084000000, 0x0000000084000000, 0x0000000084100000|  0%| F|  |TAMS 0x0000000084000000, 0x0000000084000000| Untracked 
|  65|0x0000000084100000, 0x0000000084100000, 0x0000000084200000|  0%| F|  |TAMS 0x0000000084100000, 0x0000000084100000| Untracked 
|  66|0x0000000084200000, 0x0000000084200000, 0x0000000084300000|  0%| F|  |TAMS 0x0000000084200000, 0x0000000084200000| Untracked 
|  67|0x0000000084300000, 0x0000000084300000, 0x0000000084400000|  0%| F|  |TAMS 0x0000000084300000, 0x0000000084300000| Untracked 
|  68|0x0000000084400000, 0x0000000084400000, 0x0000000084500000|  0%| F|  |TAMS 0x0000000084400000, 0x0000000084400000| Untracked 
|  69|0x0000000084500000, 0x0000000084500000, 0x0000000084600000|  0%| F|  |TAMS 0x0000000084500000, 0x0000000084500000| Untracked 
|  70|0x0000000084600000, 0x0000000084600000, 0x0000000084700000|  0%| F|  |TAMS 0x0000000084600000, 0x0000000084600000| Untracked 
|  71|0x0000000084700000, 0x0000000084700000, 0x0000000084800000|  0%| F|  |TAMS 0x0000000084700000, 0x0000000084700000| Untracked 
|  72|0x0000000084800000, 0x0000000084800000, 0x0000000084900000|  0%| F|  |TAMS 0x0000000084800000, 0x0000000084800000| Untracked 
|  73|0x0000000084900000, 0x0000000084900000, 0x0000000084a00000|  0%| F|  |TAMS 0x0000000084900000, 0x0000000084900000| Untracked 
|  74|0x0000000084a00000, 0x0000000084a00000, 0x0000000084b00000|  0%| F|  |TAMS 0x0000000084a00000, 0x0000000084a00000| Untracked 
|  75|0x0000000084b00000, 0x0000000084b00000, 0x0000000084c00000|  0%| F|  |TAMS 0x0000000084b00000, 0x0000000084b00000| Untracked 
|  76|0x0000000084c00000, 0x0000000084c00000, 0x0000000084d00000|  0%| F|  |TAMS 0x0000000084c00000, 0x0000000084c00000| Untracked 
|  77|0x0000000084d00000, 0x0000000084d00000, 0x0000000084e00000|  0%| F|  |TAMS 0x0000000084d00000, 0x0000000084d00000| Untracked 
|  78|0x0000000084e00000, 0x0000000084e00000, 0x0000000084f00000|  0%| F|  |TAMS 0x0000000084e00000, 0x0000000084e00000| Untracked 
|  79|0x0000000084f00000, 0x0000000084fb1030, 0x0000000085000000| 69%| S|CS|TAMS 0x0000000084f00000, 0x0000000084f00000| Complete 
|  80|0x0000000085000000, 0x0000000085100000, 0x0000000085100000|100%| S|CS|TAMS 0x0000000085000000, 0x0000000085000000| Complete 
|  81|0x0000000085100000, 0x0000000085100000, 0x0000000085200000|  0%| F|  |TAMS 0x0000000085100000, 0x0000000085100000| Untracked 
|  82|0x0000000085200000, 0x0000000085200000, 0x0000000085300000|  0%| F|  |TAMS 0x0000000085200000, 0x0000000085200000| Untracked 
|  83|0x0000000085300000, 0x0000000085300000, 0x0000000085400000|  0%| F|  |TAMS 0x0000000085300000, 0x0000000085300000| Untracked 
|  84|0x0000000085400000, 0x0000000085400000, 0x0000000085500000|  0%| F|  |TAMS 0x0000000085400000, 0x0000000085400000| Untracked 
|  85|0x0000000085500000, 0x0000000085500000, 0x0000000085600000|  0%| F|  |TAMS 0x0000000085500000, 0x0000000085500000| Untracked 
|  86|0x0000000085600000, 0x0000000085600000, 0x0000000085700000|  0%| F|  |TAMS 0x0000000085600000, 0x0000000085600000| Untracked 
|  87|0x0000000085700000, 0x0000000085700000, 0x0000000085800000|  0%| F|  |TAMS 0x0000000085700000, 0x0000000085700000| Untracked 
|  88|0x0000000085800000, 0x00000000858f30b8, 0x0000000085900000| 94%| E|  |TAMS 0x0000000085800000, 0x0000000085800000| Complete 
|  89|0x0000000085900000, 0x0000000085a00000, 0x0000000085a00000|100%| E|  |TAMS 0x0000000085900000, 0x0000000085900000| Complete 

Card table byte_map: [0x000001a5f7a60000,0x000001a5f7e60000] _byte_map_base: 0x000001a5f7660000

Marking Bits (Prev, Next): (CMBitMap*) 0x000001a5df8bf0a8, (CMBitMap*) 0x000001a5df8bf0e0
 Prev Bits: [0x000001a5f8260000, 0x000001a5fa260000)
 Next Bits: [0x000001a5fa260000, 0x000001a5fc260000)

Polling page: 0x000001a5e8000000

Metaspace:

Usage:
  Non-class:     66.30 MB capacity,    64.85 MB ( 98%) used,     1.19 MB (  2%) free+waste,   269.25 KB ( <1%) overhead. 
      Class:     10.74 MB capacity,     9.72 MB ( 91%) used,   912.77 KB (  8%) free+waste,   130.06 KB (  1%) overhead. 
       Both:     77.04 MB capacity,    74.57 MB ( 97%) used,     2.08 MB (  3%) free+waste,   399.31 KB ( <1%) overhead. 

Virtual space:
  Non-class space:       68.00 MB reserved,      66.33 MB ( 98%) committed 
      Class space:      504.00 MB reserved,      10.75 MB (  2%) committed 
             Both:      572.00 MB reserved,      77.08 MB ( 13%) committed 

Chunk freelists:
   Non-Class:  24.00 KB
       Class:  15.00 KB
        Both:  39.00 KB

MaxMetaspaceSize: 512.00 MB
CompressedClassSpaceSize: 504.00 MB
Initial GC threshold: 20.80 MB
Current GC threshold: 128.46 MB
CDS: off

CodeHeap 'non-profiled nmethods': size=120064Kb used=4588Kb max_used=4588Kb free=115475Kb
 bounds [0x000001a5efae0000, 0x000001a5eff60000, 0x000001a5f7020000]
CodeHeap 'profiled nmethods': size=120000Kb used=19057Kb max_used=19057Kb free=100942Kb
 bounds [0x000001a5e85b0000, 0x000001a5e9850000, 0x000001a5efae0000]
CodeHeap 'non-nmethods': size=5696Kb used=2384Kb max_used=2427Kb free=3311Kb
 bounds [0x000001a5e8020000, 0x000001a5e8290000, 0x000001a5e85b0000]
 total_blobs=9709 nmethods=8797 adapters=824
 compilation: enabled
              stopped_count=0, restarted_count=0
 full_count=0

Compilation events (20 events):
Event: 122.295 Thread 0x000001a5ff20d800 nmethod 8876 0x000001a5eff5a110 code [0x000001a5eff5a2a0, 0x000001a5eff5a318]
Event: 122.295 Thread 0x000001a5ff20d800 8877       4       groovy.lang.MetaClassImpl$1::methodNameAction (169 bytes)
Event: 122.309 Thread 0x000001a5fe8ec800 8880       3       groovy.lang.MetaClassImpl::addFields (41 bytes)
Event: 122.311 Thread 0x000001a5fe8ec800 nmethod 8880 0x000001a5e983aa90 code [0x000001a5e983ac80, 0x000001a5e983b358]
Event: 122.311 Thread 0x000001a5fe8ec800 8881       3       org.codehaus.groovy.reflection.CachedClass::getFields (11 bytes)
Event: 122.311 Thread 0x000001a5ff20d800 nmethod 8877 0x000001a5eff5a410 code [0x000001a5eff5a600, 0x000001a5eff5ac78]
Event: 122.311 Thread 0x000001a5ff20d800 8879       4       groovy.lang.MetaClassImpl$1MOPIter::methodNameAction (325 bytes)
Event: 122.311 Thread 0x000001a5fe8ec800 nmethod 8881 0x000001a5e983b610 code [0x000001a5e983b7e0, 0x000001a5e983ba88]
Event: 122.315 Thread 0x000001a5fe8ec800 8882       3       org.codehaus.groovy.util.ComplexKeyHashMap$1::nextEntry (69 bytes)
Event: 122.317 Thread 0x000001a5fe8ec800 nmethod 8882 0x000001a5e983bb90 code [0x000001a5e983bd80, 0x000001a5e983c108]
Event: 122.318 Thread 0x000001a5fe8ec800 8883       3       sun.reflect.generics.reflectiveObjects.ParameterizedTypeImpl::equals (81 bytes)
Event: 122.319 Thread 0x000001a5fe8ec800 nmethod 8883 0x000001a5e983c310 code [0x000001a5e983c560, 0x000001a5e983d0c8]
Event: 122.356 Thread 0x000001a5fe8ec800 8884 %     3       java.util.zip.ZipFile$Source::initCEN @ 228 (697 bytes)
Event: 122.364 Thread 0x000001a5fe8ec800 nmethod 8884% 0x000001a5e983d310 code [0x000001a5e983d980, 0x000001a5e9841778]
Event: 122.368 Thread 0x000001a5fe8ec800 8885       3       java.util.zip.ZipFile$Source::initCEN (697 bytes)
Event: 122.373 Thread 0x000001a5fe8ec800 nmethod 8885 0x000001a5e9843210 code [0x000001a5e9843860, 0x000001a5e9847498]
Event: 122.386 Thread 0x000001a5fe8ec800 8886       3       java.util.jar.Manifest$FastInputStream::readLine (296 bytes)
Event: 122.387 Thread 0x000001a5fe8ec800 nmethod 8886 0x000001a5e9848f10 code [0x000001a5e9849140, 0x000001a5e9849a28]
Event: 122.415 Thread 0x000001a5fe8ec800 8888       3       sun.reflect.annotation.AnnotationParser::parseIntArray (84 bytes)
Event: 122.416 Thread 0x000001a5fe8ec800 nmethod 8888 0x000001a5e9849d90 code [0x000001a5e984a020, 0x000001a5e984a9a8]

GC Heap History (20 events):
Event: 74.645 GC heap before
{Heap before GC invocations=28 (full 0):
 garbage-first heap   total 92160K, used 76005K [0x0000000080000000, 0x0000000100000000)
  region size 1024K, 28 young (28672K), 4 survivors (4096K)
 Metaspace       used 66709K, capacity 68735K, committed 68944K, reserved 577536K
  class space    used 8652K, capacity 9427K, committed 9472K, reserved 516096K
}
Event: 74.656 GC heap after
{Heap after GC invocations=29 (full 0):
 garbage-first heap   total 92160K, used 54048K [0x0000000080000000, 0x0000000100000000)
  region size 1024K, 2 young (2048K), 2 survivors (2048K)
 Metaspace       used 66709K, capacity 68735K, committed 68944K, reserved 577536K
  class space    used 8652K, capacity 9427K, committed 9472K, reserved 516096K
}
Event: 75.331 GC heap before
{Heap before GC invocations=30 (full 0):
 garbage-first heap   total 92160K, used 76576K [0x0000000080000000, 0x0000000100000000)
  region size 1024K, 24 young (24576K), 2 survivors (2048K)
 Metaspace       used 67718K, capacity 69747K, committed 69968K, reserved 577536K
  class space    used 8817K, capacity 9654K, committed 9728K, reserved 516096K
}
Event: 75.337 GC heap after
{Heap after GC invocations=31 (full 0):
 garbage-first heap   total 92160K, used 55261K [0x0000000080000000, 0x0000000100000000)
  region size 1024K, 3 young (3072K), 3 survivors (3072K)
 Metaspace       used 67718K, capacity 69747K, committed 69968K, reserved 577536K
  class space    used 8817K, capacity 9654K, committed 9728K, reserved 516096K
}
Event: 77.255 GC heap before
{Heap before GC invocations=31 (full 0):
 garbage-first heap   total 92160K, used 76765K [0x0000000080000000, 0x0000000100000000)
  region size 1024K, 24 young (24576K), 3 survivors (3072K)
 Metaspace       used 69054K, capacity 71074K, committed 71120K, reserved 577536K
  class space    used 8971K, capacity 9831K, committed 9856K, reserved 516096K
}
Event: 77.278 GC heap after
{Heap after GC invocations=32 (full 0):
 garbage-first heap   total 92160K, used 56764K [0x0000000080000000, 0x0000000100000000)
  region size 1024K, 3 young (3072K), 3 survivors (3072K)
 Metaspace       used 69054K, capacity 71074K, committed 71120K, reserved 577536K
  class space    used 8971K, capacity 9831K, committed 9856K, reserved 516096K
}
Event: 79.202 GC heap before
{Heap before GC invocations=33 (full 0):
 garbage-first heap   total 92160K, used 76220K [0x0000000080000000, 0x0000000100000000)
  region size 1024K, 23 young (23552K), 3 survivors (3072K)
 Metaspace       used 70745K, capacity 72941K, committed 73296K, reserved 579584K
  class space    used 9229K, capacity 10127K, committed 10240K, reserved 516096K
}
Event: 79.224 GC heap after
{Heap after GC invocations=34 (full 0):
 garbage-first heap   total 92160K, used 59163K [0x0000000080000000, 0x0000000100000000)
  region size 1024K, 3 young (3072K), 3 survivors (3072K)
 Metaspace       used 70745K, capacity 72941K, committed 73296K, reserved 579584K
  class space    used 9229K, capacity 10127K, committed 10240K, reserved 516096K
}
Event: 80.446 GC heap before
{Heap before GC invocations=34 (full 0):
 garbage-first heap   total 92160K, used 75547K [0x0000000080000000, 0x0000000100000000)
  region size 1024K, 20 young (20480K), 3 survivors (3072K)
 Metaspace       used 71997K, capacity 74157K, committed 74448K, reserved 581632K
  class space    used 9361K, capacity 10255K, committed 10368K, reserved 516096K
}
Event: 80.458 GC heap after
{Heap after GC invocations=35 (full 0):
 garbage-first heap   total 92160K, used 60704K [0x0000000080000000, 0x0000000100000000)
  region size 1024K, 2 young (2048K), 2 survivors (2048K)
 Metaspace       used 71997K, capacity 74157K, committed 74448K, reserved 581632K
  class space    used 9361K, capacity 10255K, committed 10368K, reserved 516096K
}
Event: 81.309 GC heap before
{Heap before GC invocations=36 (full 0):
 garbage-first heap   total 92160K, used 77088K [0x0000000080000000, 0x0000000100000000)
  region size 1024K, 18 young (18432K), 2 survivors (2048K)
 Metaspace       used 73361K, capacity 75560K, committed 75856K, reserved 581632K
  class space    used 9535K, capacity 10422K, committed 10496K, reserved 516096K
}
Event: 81.315 GC heap after
{Heap after GC invocations=37 (full 0):
 garbage-first heap   total 92160K, used 61841K [0x0000000080000000, 0x0000000100000000)
  region size 1024K, 3 young (3072K), 3 survivors (3072K)
 Metaspace       used 73361K, capacity 75560K, committed 75856K, reserved 581632K
  class space    used 9535K, capacity 10422K, committed 10496K, reserved 516096K
}
Event: 114.013 GC heap before
{Heap before GC invocations=37 (full 0):
 garbage-first heap   total 92160K, used 77201K [0x0000000080000000, 0x0000000100000000)
  region size 1024K, 18 young (18432K), 3 survivors (3072K)
 Metaspace       used 75791K, capacity 78384K, committed 78672K, reserved 585728K
  class space    used 9894K, capacity 10895K, committed 11008K, reserved 516096K
}
Event: 114.193 GC heap after
{Heap after GC invocations=38 (full 0):
 garbage-first heap   total 92160K, used 62808K [0x0000000080000000, 0x0000000100000000)
  region size 1024K, 3 young (3072K), 3 survivors (3072K)
 Metaspace       used 75791K, capacity 78384K, committed 78672K, reserved 585728K
  class space    used 9894K, capacity 10895K, committed 11008K, reserved 516096K
}
Event: 121.261 GC heap before
{Heap before GC invocations=39 (full 0):
 garbage-first heap   total 92160K, used 77144K [0x0000000080000000, 0x0000000100000000)
  region size 1024K, 18 young (18432K), 3 survivors (3072K)
 Metaspace       used 76186K, capacity 78753K, committed 78928K, reserved 585728K
  class space    used 9938K, capacity 10950K, committed 11008K, reserved 516096K
}
Event: 121.279 GC heap after
{Heap after GC invocations=40 (full 0):
 garbage-first heap   total 92160K, used 64899K [0x0000000080000000, 0x0000000100000000)
  region size 1024K, 3 young (3072K), 3 survivors (3072K)
 Metaspace       used 76186K, capacity 78753K, committed 78928K, reserved 585728K
  class space    used 9938K, capacity 10950K, committed 11008K, reserved 516096K
}
Event: 121.354 GC heap before
{Heap before GC invocations=40 (full 0):
 garbage-first heap   total 92160K, used 64899K [0x0000000080000000, 0x0000000100000000)
  region size 1024K, 4 young (4096K), 3 survivors (3072K)
 Metaspace       used 76197K, capacity 78756K, committed 78928K, reserved 585728K
  class space    used 9939K, capacity 10951K, committed 11008K, reserved 516096K
}
Event: 121.376 GC heap after
{Heap after GC invocations=41 (full 0):
 garbage-first heap   total 92160K, used 64086K [0x0000000080000000, 0x0000000100000000)
  region size 1024K, 1 young (1024K), 1 survivors (1024K)
 Metaspace       used 76197K, capacity 78756K, committed 78928K, reserved 585728K
  class space    used 9939K, capacity 10951K, committed 11008K, reserved 516096K
}
Event: 122.346 GC heap before
{Heap before GC invocations=41 (full 0):
 garbage-first heap   total 92160K, used 71254K [0x0000000080000000, 0x0000000100000000)
  region size 1024K, 9 young (9216K), 1 survivors (1024K)
 Metaspace       used 76276K, capacity 78777K, committed 78928K, reserved 585728K
  class space    used 9941K, capacity 10953K, committed 11008K, reserved 516096K
}
Event: 122.352 GC heap after
{Heap after GC invocations=42 (full 0):
 garbage-first heap   total 92160K, used 65119K [0x0000000080000000, 0x0000000100000000)
  region size 1024K, 2 young (2048K), 2 survivors (2048K)
 Metaspace       used 76276K, capacity 78777K, committed 78928K, reserved 585728K
  class space    used 9941K, capacity 10953K, committed 11008K, reserved 516096K
}

Deoptimization events (20 events):
Event: 120.975 Thread 0x000001a583ac2000 Uncommon trap: trap_request=0xffffff4d fr.pc=0x000001a5efdc8dbc relative=0x000000000000133c
Event: 120.976 Thread 0x000001a583ac2000 Uncommon trap: reason=unstable_if action=reinterpret pc=0x000001a5efdc8dbc method=java.util.concurrent.ConcurrentHashMap.putVal(Ljava/lang/Object;Ljava/lang/Object;Z)Ljava/lang/Object; @ 112 c2
Event: 120.976 Thread 0x000001a583ac2000 DEOPT PACKING pc=0x000001a5efdc8dbc sp=0x000000647dffe1e0
Event: 120.976 Thread 0x000001a583ac2000 DEOPT UNPACKING pc=0x000001a5e806a1af sp=0x000000647dffe170 mode 2
Event: 120.978 Thread 0x000001a583ac1800 DEOPT PACKING pc=0x000001a5e978d5c6 sp=0x000000647e3fd510
Event: 120.978 Thread 0x000001a583ac1800 DEOPT UNPACKING pc=0x000001a5e806a95e sp=0x000000647e3fc9b0 mode 0
Event: 121.039 Thread 0x000001a585ab9000 DEOPT PACKING pc=0x000001a5e978d5c6 sp=0x00000064003fd360
Event: 121.041 Thread 0x000001a585ab9000 DEOPT UNPACKING pc=0x000001a5e806a95e sp=0x00000064003fc800 mode 0
Event: 121.071 Thread 0x000001a580a06000 Uncommon trap: trap_request=0xffffff4d fr.pc=0x000001a5efdc730c relative=0x000000000000032c
Event: 121.071 Thread 0x000001a580a06000 Uncommon trap: reason=unstable_if action=reinterpret pc=0x000001a5efdc730c method=java.util.concurrent.ConcurrentHashMap.addCount(JI)V @ 97 c2
Event: 121.071 Thread 0x000001a580a06000 DEOPT PACKING pc=0x000001a5efdc730c sp=0x000000647d5fe760
Event: 121.072 Thread 0x000001a580a06000 DEOPT UNPACKING pc=0x000001a5e806a1af sp=0x000000647d5fe6b0 mode 2
Event: 121.184 Thread 0x000001a5818a5000 DEOPT PACKING pc=0x000001a5e8efa13d sp=0x000000647c5fe140
Event: 121.184 Thread 0x000001a5818a5000 DEOPT UNPACKING pc=0x000001a5e806a95e sp=0x000000647c5fd600 mode 0
Event: 121.245 Thread 0x000001a5818a5000 DEOPT PACKING pc=0x000001a5e8efa13d sp=0x000000647c5fe140
Event: 121.245 Thread 0x000001a5818a5000 DEOPT UNPACKING pc=0x000001a5e806a95e sp=0x000000647c5fd600 mode 0
Event: 121.865 Thread 0x000001a581641800 DEOPT PACKING pc=0x000001a5e8f241f1 sp=0x000000647bdf9050
Event: 121.865 Thread 0x000001a581641800 DEOPT UNPACKING pc=0x000001a5e806a95e sp=0x000000647bdf8548 mode 0
Event: 121.932 Thread 0x000001a581641800 DEOPT PACKING pc=0x000001a5e864c82c sp=0x000000647bdf9090
Event: 121.932 Thread 0x000001a581641800 DEOPT UNPACKING pc=0x000001a5e806a95e sp=0x000000647bdf85e0 mode 0

Classes redefined (0 events):
No events

Internal exceptions (20 events):
Event: 82.208 Thread 0x000001a585ab8000 Exception <a 'java/lang/NoSuchMethodError'{0x0000000084f531b8}: 'java.lang.Object java.lang.invoke.DirectMethodHandle$Holder.invokeStatic(java.lang.Object, java.lang.Object, java.lang.Object, java.lang.Object, java.lang.Object, java.lang.Object, java.lang.Object, java.lang.Object, int, int, java.lang.Object, java.lang.Object)'> (0x0000000084f531b8) thrown at [./src/hotspot/share/interpreter/linkResolver.cpp, line 773]
Event: 82.469 Thread 0x000001a585ab8000 Exception <a 'java/lang/NoSuchMethodError'{0x0000000084f92390}: <clinit>> (0x0000000084f92390) thrown at [./src/hotspot/share/prims/jni.cpp, line 1367]
Event: 82.518 Thread 0x000001a585ab8000 Exception <a 'java/lang/NoSuchMethodError'{0x0000000084fb5940}: <clinit>> (0x0000000084fb5940) thrown at [./src/hotspot/share/prims/jni.cpp, line 1367]
Event: 82.524 Thread 0x000001a585aba000 Exception <a 'java/lang/InterruptedException'{0x0000000084fc5468}> (0x0000000084fc5468) thrown at [./src/hotspot/share/runtime/objectMonitor.cpp, line 1635]
Event: 82.525 Thread 0x000001a585aba000 Exception <a 'java/lang/NoSuchMethodError'{0x0000000084fd33b0}: 'java.lang.Object java.lang.invoke.DirectMethodHandle$Holder.invokeStatic(java.lang.Object, java.lang.Object, int, java.lang.Object, long)'> (0x0000000084fd33b0) thrown at [./src/hotspot/share/interpreter/linkResolver.cpp, line 773]
Event: 82.758 Thread 0x000001a585ab8000 Exception <a 'java/lang/NoSuchMethodError'{0x0000000084e03f48}: <clinit>> (0x0000000084e03f48) thrown at [./src/hotspot/share/prims/jni.cpp, line 1367]
Event: 82.760 Thread 0x000001a585ab8000 Exception <a 'java/lang/NoSuchMethodError'{0x0000000084e10568}: <clinit>> (0x0000000084e10568) thrown at [./src/hotspot/share/prims/jni.cpp, line 1367]
Event: 82.762 Thread 0x000001a585ab8000 Exception <a 'java/lang/NoSuchMethodError'{0x0000000084e1daf8}: <clinit>> (0x0000000084e1daf8) thrown at [./src/hotspot/share/prims/jni.cpp, line 1367]
Event: 82.780 Thread 0x000001a585ab8000 Exception <a 'java/lang/NoSuchMethodError'{0x0000000084e4a3c8}: <clinit>> (0x0000000084e4a3c8) thrown at [./src/hotspot/share/prims/jni.cpp, line 1367]
Event: 82.887 Thread 0x000001a585ab8000 Exception <a 'java/lang/NoSuchMethodError'{0x0000000084d2a930}: <clinit>> (0x0000000084d2a930) thrown at [./src/hotspot/share/prims/jni.cpp, line 1367]
Event: 83.016 Thread 0x000001a585abc800 Exception <a 'java/lang/NoSuchMethodError'{0x0000000084c004e8}: 'java.lang.Object java.lang.invoke.DirectMethodHandle$Holder.invokeStatic(java.lang.Object, java.lang.Object, java.lang.Object, java.lang.Object, java.lang.Object, java.lang.Object, java.lang.Object, java.lang.Object, java.lang.Object, java.lang.Object, java.lang.Object, java.lang.Object, java.lang.Object, int)'> (0x0000000084c004e8) thrown at [./src/hotspot/share/interpreter/linkResolver.cpp, line 773]
Event: 83.028 Thread 0x000001a585abc800 Exception <a 'java/lang/NoSuchMethodError'{0x0000000084c0d420}: 'java.lang.Object java.lang.invoke.DirectMethodHandle$Holder.invokeStatic(java.lang.Object, java.lang.Object, java.lang.Object, java.lang.Object, java.lang.Object, java.lang.Object, java.lang.Object, java.lang.Object, java.lang.Object, java.lang.Object, java.lang.Object, java.lang.Object, java.lang.Object, int, int)'> (0x0000000084c0d420) thrown at [./src/hotspot/share/interpreter/linkResolver.cpp, line 773]
Event: 83.043 Thread 0x000001a585abc800 Exception <a 'java/lang/NoSuchMethodError'{0x0000000084c26f90}: 'java.lang.Object java.lang.invoke.DelegatingMethodHandle$Holder.reinvoke_L(java.lang.Object, int, java.lang.Object)'> (0x0000000084c26f90) thrown at [./src/hotspot/share/interpreter/linkResolver.cpp, line 773]
Event: 119.773 Thread 0x000001a5808ac000 Exception <a 'java/lang/NoSuchMethodError'{0x00000000854eabe0}: 'java.lang.Object java.lang.invoke.DirectMethodHandle$Holder.newInvokeSpecial(java.lang.Object, java.lang.Object, java.lang.Object, java.lang.Object)'> (0x00000000854eabe0) thrown at [./src/hotspot/share/interpreter/linkResolver.cpp, line 773]
Event: 120.325 Thread 0x000001a5808aa800 Exception <a 'sun/nio/fs/WindowsException'{0x00000000853d92e0}> (0x00000000853d92e0) thrown at [./src/hotspot/share/prims/jni.cpp, line 617]
Event: 120.333 Thread 0x000001a5808aa800 Exception <a 'sun/nio/fs/WindowsException'{0x00000000853dbb88}> (0x00000000853dbb88) thrown at [./src/hotspot/share/prims/jni.cpp, line 617]
Event: 120.334 Thread 0x000001a5808aa800 Exception <a 'sun/nio/fs/WindowsException'{0x00000000853f85b8}> (0x00000000853f85b8) thrown at [./src/hotspot/share/prims/jni.cpp, line 617]
Event: 120.339 Thread 0x000001a5808aa800 Exception <a 'sun/nio/fs/WindowsException'{0x00000000853fc618}> (0x00000000853fc618) thrown at [./src/hotspot/share/prims/jni.cpp, line 617]
Event: 122.301 Thread 0x000001a581641800 Exception <a 'java/lang/ClassNotFoundException'{0x00000000851b4a38}: build_ejobly6sbmzmojtgver7t39n6BeanInfo> (0x00000000851b4a38) thrown at [./src/hotspot/share/classfile/systemDictionary.cpp, line 230]
Event: 122.303 Thread 0x000001a581641800 Exception <a 'java/lang/ClassNotFoundException'{0x00000000851c0a98}: build_ejobly6sbmzmojtgver7t39n6Customizer> (0x00000000851c0a98) thrown at [./src/hotspot/share/classfile/systemDictionary.cpp, line 230]

Events (20 events):
Event: 122.302 loading class build_ejobly6sbmzmojtgver7t39n6Customizer
Event: 122.302 loading class build_ejobly6sbmzmojtgver7t39n6Customizer done
Event: 122.303 loading class build_ejobly6sbmzmojtgver7t39n6Customizer
Event: 122.303 loading class build_ejobly6sbmzmojtgver7t39n6Customizer done
Event: 122.334 loading class org/gradle/api/internal/plugins/DefaultObjectConfigurationAction$3
Event: 122.334 loading class org/gradle/api/internal/plugins/DefaultObjectConfigurationAction$3 done
Event: 122.345 Executing VM operation: G1CollectForAllocation
Event: 122.352 Executing VM operation: G1CollectForAllocation done
Event: 122.385 loading class com/android/build/gradle/AppPlugin
Event: 122.385 loading class com/android/build/gradle/AppPlugin done
Event: 122.389 loading class com/android/build/gradle/BasePlugin
Event: 122.389 loading class com/android/build/gradle/BasePlugin done
Event: 122.393 loading class com/android/build/gradle/BaseExtension
Event: 122.393 loading class com/android/build/gradle/BaseExtension done
Event: 122.406 loading class com/android/build/gradle/AndroidConfig
Event: 122.406 loading class com/android/build/gradle/AndroidConfig done
Event: 122.411 loading class com/android/build/gradle/internal/dsl/Lockable
Event: 122.411 loading class com/android/build/gradle/internal/dsl/Lockable done
Event: 122.418 loading class com/android/build/gradle/BasePluginKt
Event: 122.418 loading class com/android/build/gradle/BasePluginKt done


Dynamic libraries:
0x00007ff7338d0000 - 0x00007ff7338dd000 	C:\Program Files\Microsoft\jdk-11.0.18.10-hotspot\bin\java.exe
0x00007ffd14010000 - 0x00007ffd14208000 	C:\WINDOWS\SYSTEM32\ntdll.dll
0x00007ffd12e90000 - 0x00007ffd12f4d000 	C:\WINDOWS\System32\KERNEL32.DLL
0x00007ffd11ae0000 - 0x00007ffd11dd6000 	C:\WINDOWS\System32\KERNELBASE.dll
0x00007ffd11de0000 - 0x00007ffd11ee0000 	C:\WINDOWS\System32\ucrtbase.dll
0x00007ffd09ac0000 - 0x00007ffd09ad5000 	C:\Program Files\Microsoft\jdk-11.0.18.10-hotspot\bin\VCRUNTIME140.dll
0x00007ffd09aa0000 - 0x00007ffd09ab7000 	C:\Program Files\Microsoft\jdk-11.0.18.10-hotspot\bin\jli.dll
0x00007ffd13430000 - 0x00007ffd135ce000 	C:\WINDOWS\System32\USER32.dll
0x00007ffd11ee0000 - 0x00007ffd11f02000 	C:\WINDOWS\System32\win32u.dll
0x00007ffd048d0000 - 0x00007ffd04b6a000 	C:\WINDOWS\WinSxS\amd64_microsoft.windows.common-controls_6595b64144ccf1df_6.0.19041.1110_none_60b5254171f9507e\COMCTL32.dll
0x00007ffd135e0000 - 0x00007ffd1360c000 	C:\WINDOWS\System32\GDI32.dll
0x00007ffd131c0000 - 0x00007ffd1325e000 	C:\WINDOWS\System32\msvcrt.dll
0x00007ffd118d0000 - 0x00007ffd119ea000 	C:\WINDOWS\System32\gdi32full.dll
0x00007ffd11a40000 - 0x00007ffd11add000 	C:\WINDOWS\System32\msvcp_win.dll
0x00007ffd12ce0000 - 0x00007ffd12d10000 	C:\WINDOWS\System32\IMM32.DLL
0x00007ffce95e0000 - 0x00007ffce967b000 	C:\Program Files\Microsoft\jdk-11.0.18.10-hotspot\bin\msvcp140.dll
0x00007ffc9d7b0000 - 0x00007ffc9e342000 	C:\Program Files\Microsoft\jdk-11.0.18.10-hotspot\bin\server\jvm.dll
0x00007ffd13110000 - 0x00007ffd131be000 	C:\WINDOWS\System32\ADVAPI32.dll
0x00007ffd13330000 - 0x00007ffd133cc000 	C:\WINDOWS\System32\sechost.dll
0x00007ffd12b00000 - 0x00007ffd12c26000 	C:\WINDOWS\System32\RPCRT4.dll
0x00007ffd13100000 - 0x00007ffd13108000 	C:\WINDOWS\System32\PSAPI.DLL
0x00007ffd0a3a0000 - 0x00007ffd0a3a9000 	C:\WINDOWS\SYSTEM32\WSOCK32.dll
0x00007ffd020f0000 - 0x00007ffd02117000 	C:\WINDOWS\SYSTEM32\WINMM.dll
0x00007ffd01680000 - 0x00007ffd0168a000 	C:\WINDOWS\SYSTEM32\VERSION.dll
0x00007ffd12d10000 - 0x00007ffd12d7b000 	C:\WINDOWS\System32\WS2_32.dll
0x00007ffd0f580000 - 0x00007ffd0f592000 	C:\WINDOWS\SYSTEM32\kernel.appcore.dll
0x00007ffd0cab0000 - 0x00007ffd0cac0000 	C:\Program Files\Microsoft\jdk-11.0.18.10-hotspot\bin\verify.dll
0x00007ffd00870000 - 0x00007ffd00a54000 	C:\WINDOWS\SYSTEM32\DBGHELP.DLL
0x00007ffd005d0000 - 0x00007ffd00604000 	C:\WINDOWS\SYSTEM32\dbgcore.DLL
0x00007ffd11840000 - 0x00007ffd118c2000 	C:\WINDOWS\System32\bcryptPrimitives.dll
0x00007ffd07ee0000 - 0x00007ffd07f08000 	C:\Program Files\Microsoft\jdk-11.0.18.10-hotspot\bin\java.dll
0x00007ffd09680000 - 0x00007ffd0968a000 	C:\Program Files\Microsoft\jdk-11.0.18.10-hotspot\bin\jimage.dll
0x00007ffd07f50000 - 0x00007ffd07f68000 	C:\Program Files\Microsoft\jdk-11.0.18.10-hotspot\bin\zip.dll
0x00007ffd13880000 - 0x00007ffd13fc5000 	C:\WINDOWS\System32\SHELL32.dll
0x00007ffd0f780000 - 0x00007ffd0ff1b000 	C:\WINDOWS\SYSTEM32\windows.storage.dll
0x00007ffd126c0000 - 0x00007ffd12a14000 	C:\WINDOWS\System32\combase.dll
0x00007ffd11130000 - 0x00007ffd1115e000 	C:\WINDOWS\SYSTEM32\Wldp.dll
0x00007ffd12c30000 - 0x00007ffd12cdd000 	C:\WINDOWS\System32\SHCORE.dll
0x00007ffd12070000 - 0x00007ffd120c5000 	C:\WINDOWS\System32\shlwapi.dll
0x00007ffd11620000 - 0x00007ffd11645000 	C:\WINDOWS\SYSTEM32\profapi.dll
0x00007ffd07ec0000 - 0x00007ffd07ed9000 	C:\Program Files\Microsoft\jdk-11.0.18.10-hotspot\bin\net.dll
0x00007ffd09700000 - 0x00007ffd0980a000 	C:\WINDOWS\SYSTEM32\WINHTTP.dll
0x00007ffd10e90000 - 0x00007ffd10efa000 	C:\WINDOWS\system32\mswsock.dll
0x00007ffd07ea0000 - 0x00007ffd07eb3000 	C:\Program Files\Microsoft\jdk-11.0.18.10-hotspot\bin\nio.dll
0x00007ffd07f70000 - 0x00007ffd07f97000 	C:\Users\DELL\.gradle\native\68d5fa5c4cc2d200863cafc0d521ce42e7d3e7ee720ec0a83991735586a16f82\windows-amd64\native-platform.dll
0x00007ffce69a0000 - 0x00007ffce6ae4000 	C:\Users\DELL\.gradle\native\e376f236ea51e6404a007f0833ffe2c6e607c4080706a723a18a27aeea778392\windows-amd64\native-platform-file-events.dll
0x00007ffd09310000 - 0x00007ffd09319000 	C:\Program Files\Microsoft\jdk-11.0.18.10-hotspot\bin\management.dll
0x00007ffd07e90000 - 0x00007ffd07e9b000 	C:\Program Files\Microsoft\jdk-11.0.18.10-hotspot\bin\management_ext.dll
0x00007ffd11080000 - 0x00007ffd11098000 	C:\WINDOWS\SYSTEM32\CRYPTSP.dll
0x00007ffd10730000 - 0x00007ffd10764000 	C:\WINDOWS\system32\rsaenh.dll
0x00007ffd117a0000 - 0x00007ffd117c7000 	C:\WINDOWS\System32\bcrypt.dll
0x00007ffd115e0000 - 0x00007ffd1160e000 	C:\WINDOWS\SYSTEM32\USERENV.dll
0x00007ffd110a0000 - 0x00007ffd110ac000 	C:\WINDOWS\SYSTEM32\CRYPTBASE.dll
0x00007ffd10b30000 - 0x00007ffd10b6b000 	C:\WINDOWS\SYSTEM32\IPHLPAPI.DLL
0x00007ffd13760000 - 0x00007ffd13768000 	C:\WINDOWS\System32\NSI.dll
0x00007ffd09fa0000 - 0x00007ffd09fb7000 	C:\WINDOWS\SYSTEM32\dhcpcsvc6.DLL
0x00007ffd0acc0000 - 0x00007ffd0acdd000 	C:\WINDOWS\SYSTEM32\dhcpcsvc.DLL
0x00007ffd10b80000 - 0x00007ffd10c4a000 	C:\WINDOWS\SYSTEM32\DNSAPI.dll
0x00007ffd07d30000 - 0x00007ffd07d37000 	C:\Program Files\Microsoft\jdk-11.0.18.10-hotspot\bin\rmi.dll

dbghelp: loaded successfully - version: 4.0.5 - missing functions: none
symbol engine: initialized successfully - sym options: 0x614 - pdb path: .;C:\Program Files\Microsoft\jdk-11.0.18.10-hotspot\bin;C:\WINDOWS\SYSTEM32;C:\WINDOWS\WinSxS\amd64_microsoft.windows.common-controls_6595b64144ccf1df_6.0.19041.1110_none_60b5254171f9507e;C:\Program Files\Microsoft\jdk-11.0.18.10-hotspot\bin\server;C:\Users\DELL\.gradle\native\68d5fa5c4cc2d200863cafc0d521ce42e7d3e7ee720ec0a83991735586a16f82\windows-amd64;C:\Users\DELL\.gradle\native\e376f236ea51e6404a007f0833ffe2c6e607c4080706a723a18a27aeea778392\windows-amd64

VM Arguments:
jvm_args: -XX:MaxMetaspaceSize=512m --add-opens=java.base/java.util=ALL-UNNAMED --add-opens=java.base/java.lang=ALL-UNNAMED --add-opens=java.base/java.lang.invoke=ALL-UNNAMED --add-opens=java.prefs/java.util.prefs=ALL-UNNAMED --add-opens=java.base/java.nio.charset=ALL-UNNAMED --add-opens=java.base/java.net=ALL-UNNAMED --add-opens=java.base/java.util.concurrent.atomic=ALL-UNNAMED -Xmx2048m -Dfile.encoding=windows-1252 -Duser.country=US -Duser.language=en -Duser.variant 
java_command: org.gradle.launcher.daemon.bootstrap.GradleDaemon 8.0.1
java_class_path (initial): C:\Users\DELL\.gradle\wrapper\dists\gradle-8.0.1-all\aro4hu1c3oeioove7l0i4i14o\gradle-8.0.1\lib\gradle-launcher-8.0.1.jar
Launcher Type: SUN_STANDARD

[Global flags]
     intx CICompilerCount                          = 3                                         {product} {ergonomic}
   size_t CompressedClassSpaceSize                 = 528482304                                 {product} {ergonomic}
     uint ConcGCThreads                            = 1                                         {product} {ergonomic}
     uint G1ConcRefinementThreads                  = 4                                         {product} {ergonomic}
   size_t G1HeapRegionSize                         = 1048576                                   {product} {ergonomic}
    uintx GCDrainStackTargetSize                   = 64                                        {product} {ergonomic}
   size_t InitialHeapSize                          = 65011712                                  {product} {ergonomic}
   size_t MarkStackSize                            = 4194304                                   {product} {ergonomic}
   size_t MaxHeapSize                              = 2147483648                                {product} {command line}
   size_t MaxMetaspaceSize                         = 536870912                                 {product} {command line}
   size_t MaxNewSize                               = 1287651328                                {product} {ergonomic}
   size_t MinHeapDeltaBytes                        = 1048576                                   {product} {ergonomic}
    uintx NonNMethodCodeHeapSize                   = 5830732                                {pd product} {ergonomic}
    uintx NonProfiledCodeHeapSize                  = 122913754                              {pd product} {ergonomic}
    uintx ProfiledCodeHeapSize                     = 122913754                              {pd product} {ergonomic}
    uintx ReservedCodeCacheSize                    = 251658240                              {pd product} {ergonomic}
     bool SegmentedCodeCache                       = true                                      {product} {ergonomic}
     bool UseCompressedClassPointers               = true                                 {lp64_product} {ergonomic}
     bool UseCompressedOops                        = true                                 {lp64_product} {ergonomic}
     bool UseG1GC                                  = true                                      {product} {ergonomic}
     bool UseLargePagesIndividualAllocation        = false                                  {pd product} {ergonomic}

Logging:
Log output configuration:
 #0: stdout all=warning uptime,level,tags
 #1: stderr all=off uptime,level,tags

Environment Variables:
JAVA_HOME=C:\Program Files\Microsoft\jdk-11.0.18.10-hotspot\
CLASSPATH=D:\programming Folder\ReactNative\notesapp\test\testapp\android\\gradle\wrapper\gradle-wrapper.jar
PATH=C:\Program Files\Microsoft\jdk-11.0.18.10-hotspot\bin;C:\WINDOWS\system32;C:\WINDOWS;C:\WINDOWS\System32\Wbem;C:\WINDOWS\System32\WindowsPowerShell\v1.0\;C:\WINDOWS\System32\OpenSSH\;C:\Program Files (x86)\Git\cmd;C:\ProgramData\chocolatey\bin;C:\Program Files\nodejs\;C:\Users\DELL\AppData\Local\Microsoft\WindowsApps;C:\Users\DELL\AppData\Local\Programs\Microsoft VS Code\bin;C:\Users\DELL\AppData\Local\Android\Sdk\platform-tools;C:\Users\DELL\AppData\Roaming\npm;C:\Users\DELL\AppData\Local\Android\Sdk\platform-tools;
USERNAME=DELL
OS=Windows_NT
PROCESSOR_IDENTIFIER=Intel64 Family 6 Model 58 Stepping 9, GenuineIntel
TMP=C:\Users\DELL\AppData\Local\Temp
TEMP=C:\Users\DELL\AppData\Local\Temp



---------------  S Y S T E M  ---------------

OS: Windows 10 , 64 bit Build 19041 (10.0.19041.3393)
OS uptime: 1 days 3:12 hours

CPU:total 4 (initial active 4) (2 cores per cpu, 2 threads per core) family 6 model 58 stepping 9 microcode 0x21, cmov, cx8, fxsr, mmx, sse, sse2, sse3, ssse3, sse4.1, sse4.2, popcnt, avx, aes, clmul, erms, ht, tsc, tscinvbit, tscinv

Memory: 4k page, system-wide physical 3959M (122M free)
TotalPageFile size 16247M (AvailPageFile size 2M)
current process WorkingSet (physical memory assigned to process): 187M, peak: 243M
current process commit charge ("private bytes"): 317M, peak: 331M

vm_info: OpenJDK 64-Bit Server VM (11.0.18+10-LTS) for windows-amd64 JRE (11.0.18+10-LTS), built on Jan 18 2023 15:56:47 by "MicrosoftCorporation" with MS VC++ 15.9 (VS2017)

END.
